time="2024-01-12T15:05:30-05:00" level=info msg="Traefik version 2.10.7 built on 2023-12-06T15:54:59Z"
time="2024-01-12T15:05:30-05:00" level=debug msg="Static configuration loaded {\"global\":{\"checkNewVersion\":true},\"serversTransport\":{\"maxIdleConnsPerHost\":200},\"entryPoints\":{\"http\":{\"address\":\":80\",\"transport\":{\"lifeCycle\":{\"graceTimeOut\":\"10s\"},\"respondingTimeouts\":{\"idleTimeout\":\"3m0s\"}},\"forwardedHeaders\":{},\"http\":{},\"http2\":{\"maxConcurrentStreams\":250},\"udp\":{\"timeout\":\"3s\"}}},\"providers\":{\"providersThrottleDuration\":\"2s\",\"docker\":{\"watch\":true,\"endpoint\":\"unix:///var/run/docker.sock\",\"defaultRule\":\"Host(`{{ normalize .Name }}`)\",\"swarmModeRefreshSeconds\":\"15s\"}},\"log\":{\"level\":\"DEBUG\",\"filePath\":\"/config/traefik.log\",\"format\":\"common\"}}"
time="2024-01-12T15:05:30-05:00" level=info msg="\nStats collection is disabled.\nHelp us improve Traefik by turning this feature on :)\nMore details on: https://doc.traefik.io/traefik/contributing/data-collection/\n"
time="2024-01-12T15:05:30-05:00" level=info msg="Starting provider aggregator aggregator.ProviderAggregator"
time="2024-01-12T15:05:30-05:00" level=debug msg="Starting TCP Server" entryPointName=http
time="2024-01-12T15:05:30-05:00" level=info msg="Starting provider *docker.Provider"
time="2024-01-12T15:05:30-05:00" level=debug msg="*docker.Provider provider configuration: {\"watch\":true,\"endpoint\":\"unix:///var/run/docker.sock\",\"defaultRule\":\"Host(`{{ normalize .Name }}`)\",\"swarmModeRefreshSeconds\":\"15s\"}"
time="2024-01-12T15:05:30-05:00" level=info msg="Starting provider *acme.ChallengeTLSALPN"
time="2024-01-12T15:05:30-05:00" level=debug msg="*acme.ChallengeTLSALPN provider configuration: {}"
time="2024-01-12T15:05:30-05:00" level=info msg="Starting provider *traefik.Provider"
time="2024-01-12T15:05:30-05:00" level=debug msg="*traefik.Provider provider configuration: {}"
time="2024-01-12T15:05:30-05:00" level=debug msg="Configuration received: {\"http\":{\"services\":{\"noop\":{}},\"serversTransports\":{\"default\":{\"maxIdleConnsPerHost\":200}}},\"tcp\":{},\"udp\":{},\"tls\":{}}" providerName=internal
time="2024-01-12T15:05:30-05:00" level=debug msg="Provider connection established with docker 24.0.5 (API 1.43)" providerName=docker
time="2024-01-12T15:05:30-05:00" level=error msg="invalid element: traefik.http.routers.authelia.tls." container=authelia-auth-e101ebc69cddadd5a0df934b75709fb611b861a1e250330b95cd05fe1962b56f providerName=docker
time="2024-01-12T15:05:30-05:00" level=debug msg="Filtering disabled container" providerName=docker container=mysql-auth-b13d4fe99699b36293aec7c64de055c20e5b26e219bea3f39b6a84d14e1861f7
time="2024-01-12T15:05:30-05:00" level=debug msg="Filtering disabled container" providerName=docker container=redis-auth-352fe1df554825d7ba38cbff277a709d445b2bfe4524fa0d6ffa3b7ee833bfab
time="2024-01-12T15:05:30-05:00" level=debug msg="Configuration received: {\"http\":{\"routers\":{\"api\":{\"entryPoints\":[\"https\"],\"service\":\"traefik-auth\",\"rule\":\"Host(`traefik-auth`)\"}},\"services\":{\"traefik-auth\":{\"loadBalancer\":{\"servers\":[{\"url\":\"http://172.19.0.5:80\"}],\"passHostHeader\":true}}}},\"tcp\":{},\"udp\":{}}" providerName=docker
time="2024-01-12T15:05:30-05:00" level=debug msg="No default certificate, fallback to the internal generated certificate" tlsStoreName=default
time="2024-01-12T15:05:30-05:00" level=debug msg="No default certificate, fallback to the internal generated certificate" tlsStoreName=default
time="2024-01-12T15:05:30-05:00" level=error msg="entryPoint \"https\" doesn't exist" routerName=api@docker entryPointName=https
time="2024-01-12T15:05:30-05:00" level=error msg="no valid entryPoint for this router" routerName=api@docker
