{"level":"fatal","msg":"Redis connection error: dial tcp 172.19.0.3:6379: connect: connection refused","stack":[{"File":"github.com/authelia/authelia/v4/internal/commands/helpers.go","Line":84,"Name":"getProviders"},{"File":"github.com/authelia/authelia/v4/internal/commands/root.go","Line":72,"Name":"cmdRootRun"},{"File":"github.com/spf13/cobra@v1.6.1/command.go","Line":920,"Name":"(*Command).execute"},{"File":"github.com/spf13/cobra@v1.6.1/command.go","Line":1044,"Name":"(*Command).ExecuteC"},{"File":"github.com/spf13/cobra@v1.6.1/command.go","Line":968,"Name":"(*Command).Execute"},{"File":"github.com/authelia/authelia/v4/cmd/authelia/main.go","Line":10,"Name":"main"},{"File":"runtime/proc.go","Line":250,"Name":"main"},{"File":"runtime/asm_amd64.s","Line":1594,"Name":"goexit"}],"time":"2024-01-08T19:02:49-05:00"}
{"level":"info","msg":"Storage schema is being checked for updates","time":"2024-01-08T19:02:50-05:00"}
{"level":"info","msg":"Storage schema is already up to date","time":"2024-01-08T19:02:50-05:00"}
{"level":"debug","msg":"The NTP startup check was skipped due to there being no configured 2FA access control rules","time":"2024-01-08T19:02:50-05:00"}
{"level":"info","msg":"Initializing server for non-TLS connections on '[::]:9091' path '/'","time":"2024-01-08T19:02:50-05:00"}
{"level":"info","msg":"Shutting down","time":"2024-01-09T00:28:39-05:00"}
{"level":"info","msg":"Storage schema is being checked for updates","time":"2024-01-09T00:29:16-05:00"}
{"level":"info","msg":"Storage schema is already up to date","time":"2024-01-09T00:29:16-05:00"}
{"level":"debug","msg":"The NTP startup check was skipped due to there being no configured 2FA access control rules","time":"2024-01-09T00:29:16-05:00"}
{"level":"info","msg":"Initializing server for non-TLS connections on '[::]:9091' path '/'","time":"2024-01-09T00:29:16-05:00"}
{"level":"info","msg":"Shutting down","time":"2024-01-09T00:54:52-05:00"}
{"level":"info","msg":"Storage schema is being checked for updates","time":"2024-01-09T00:55:03-05:00"}
{"level":"info","msg":"Storage schema is already up to date","time":"2024-01-09T00:55:03-05:00"}
{"level":"debug","msg":"The NTP startup check was skipped due to there being no configured 2FA access control rules","time":"2024-01-09T00:55:03-05:00"}
{"level":"info","msg":"Initializing server for non-TLS connections on '[::]:9091' path '/'","time":"2024-01-09T00:55:03-05:00"}
{"level":"info","msg":"Shutting down","time":"2024-01-09T01:05:57-05:00"}
{"level":"info","msg":"Storage schema is being checked for updates","time":"2024-01-09T01:14:01-05:00"}
{"level":"info","msg":"Storage schema is already up to date","time":"2024-01-09T01:14:01-05:00"}
{"level":"debug","msg":"The NTP startup check was skipped due to there being no configured 2FA access control rules","time":"2024-01-09T01:14:01-05:00"}
{"level":"info","msg":"Initializing server for non-TLS connections on '[::]:9091' path '/'","time":"2024-01-09T01:14:01-05:00"}
{"level":"info","msg":"Shutting down","time":"2024-01-09T01:44:32-05:00"}
{"level":"info","msg":"Storage schema is being checked for updates","time":"2024-01-09T01:45:12-05:00"}
{"level":"info","msg":"Storage schema is already up to date","time":"2024-01-09T01:45:12-05:00"}
{"level":"debug","msg":"The NTP startup check was skipped due to there being no configured 2FA access control rules","time":"2024-01-09T01:45:12-05:00"}
{"level":"info","msg":"Initializing server for non-TLS connections on '[::]:9091' path '/'","time":"2024-01-09T01:45:12-05:00"}
{"level":"info","msg":"Shutting down","time":"2024-01-09T02:02:31-05:00"}
{"level":"info","msg":"Storage schema is being checked for updates","time":"2024-01-09T02:02:47-05:00"}
{"level":"info","msg":"Storage schema is already up to date","time":"2024-01-09T02:02:47-05:00"}
{"level":"debug","msg":"The NTP startup check was skipped due to there being no configured 2FA access control rules","time":"2024-01-09T02:02:47-05:00"}
{"level":"info","msg":"Initializing server for non-TLS connections on '[::]:9091' path '/'","time":"2024-01-09T02:02:47-05:00"}
{"level":"info","msg":"Shutting down","time":"2024-01-09T02:14:27-05:00"}
{"level":"info","msg":"Storage schema is being checked for updates","time":"2024-01-09T02:16:16-05:00"}
{"level":"info","msg":"Storage schema is already up to date","time":"2024-01-09T02:16:16-05:00"}
{"level":"debug","msg":"The NTP startup check was skipped due to there being no configured 2FA access control rules","time":"2024-01-09T02:16:16-05:00"}
{"level":"info","msg":"Initializing server for non-TLS connections on '[::]:9091' path '/'","time":"2024-01-09T02:16:16-05:00"}
{"level":"info","msg":"Shutting down","time":"2024-01-09T02:19:22-05:00"}
{"level":"info","msg":"Storage schema is being checked for updates","time":"2024-01-09T02:19:23-05:00"}
{"level":"info","msg":"Storage schema is already up to date","time":"2024-01-09T02:19:23-05:00"}
{"level":"debug","msg":"The NTP startup check was skipped due to there being no configured 2FA access control rules","time":"2024-01-09T02:19:23-05:00"}
{"level":"info","msg":"Initializing server for non-TLS connections on '[::]:9091' path '/'","time":"2024-01-09T02:19:23-05:00"}
{"level":"info","msg":"Shutting down","time":"2024-01-10T18:14:22-05:00"}
{"error":"bad connection","level":"error","msg":"Error occurred closing the database connection","stack":[{"File":"github.com/authelia/authelia/v4/internal/commands/root.go","Line":197,"Name":"runServices"},{"File":"github.com/authelia/authelia/v4/internal/commands/root.go","Line":89,"Name":"cmdRootRun"},{"File":"github.com/spf13/cobra@v1.6.1/command.go","Line":920,"Name":"(*Command).execute"},{"File":"github.com/spf13/cobra@v1.6.1/command.go","Line":1044,"Name":"(*Command).ExecuteC"},{"File":"github.com/spf13/cobra@v1.6.1/command.go","Line":968,"Name":"(*Command).Execute"},{"File":"github.com/authelia/authelia/v4/cmd/authelia/main.go","Line":10,"Name":"main"},{"File":"runtime/proc.go","Line":250,"Name":"main"},{"File":"runtime/asm_amd64.s","Line":1594,"Name":"goexit"}],"time":"2024-01-10T18:14:22-05:00"}
{"level":"info","msg":"Storage schema is being checked for updates","time":"2024-01-10T18:15:05-05:00"}
{"level":"info","msg":"Storage schema is already up to date","time":"2024-01-10T18:15:05-05:00"}
{"level":"debug","msg":"The NTP startup check was skipped due to there being no configured 2FA access control rules","time":"2024-01-10T18:15:05-05:00"}
{"level":"info","msg":"Initializing server for non-TLS connections on '[::]:9091' path '/'","time":"2024-01-10T18:15:05-05:00"}
{"level":"info","msg":"Shutting down","time":"2024-01-10T18:19:47-05:00"}
{"level":"info","msg":"Storage schema is being checked for updates","time":"2024-01-10T18:20:02-05:00"}
{"level":"info","msg":"Storage schema is already up to date","time":"2024-01-10T18:20:02-05:00"}
{"level":"debug","msg":"The NTP startup check was skipped due to there being no configured 2FA access control rules","time":"2024-01-10T18:20:02-05:00"}
{"level":"info","msg":"Initializing server for non-TLS connections on '[::]:9091' path '/'","time":"2024-01-10T18:20:02-05:00"}
{"level":"info","msg":"Shutting down","time":"2024-01-12T15:04:44-05:00"}
{"error":"bad connection","level":"error","msg":"Error occurred closing the database connection","stack":[{"File":"github.com/authelia/authelia/v4/internal/commands/root.go","Line":197,"Name":"runServices"},{"File":"github.com/authelia/authelia/v4/internal/commands/root.go","Line":89,"Name":"cmdRootRun"},{"File":"github.com/spf13/cobra@v1.6.1/command.go","Line":920,"Name":"(*Command).execute"},{"File":"github.com/spf13/cobra@v1.6.1/command.go","Line":1044,"Name":"(*Command).ExecuteC"},{"File":"github.com/spf13/cobra@v1.6.1/command.go","Line":968,"Name":"(*Command).Execute"},{"File":"github.com/authelia/authelia/v4/cmd/authelia/main.go","Line":10,"Name":"main"},{"File":"runtime/proc.go","Line":250,"Name":"main"},{"File":"runtime/asm_amd64.s","Line":1594,"Name":"goexit"}],"time":"2024-01-12T15:04:44-05:00"}
{"level":"info","msg":"Storage schema is being checked for updates","time":"2024-01-12T15:05:30-05:00"}
{"level":"info","msg":"Storage schema is already up to date","time":"2024-01-12T15:05:30-05:00"}
{"level":"debug","msg":"The NTP startup check was skipped due to there being no configured 2FA access control rules","time":"2024-01-12T15:05:30-05:00"}
{"level":"info","msg":"Initializing server for non-TLS connections on '[::]:9091' path '/'","time":"2024-01-12T15:05:31-05:00"}
